Using pre-set license
Built from '2020.3/release' branch; Version is '2020.3.31f1 (6b54b7616050) revision 7034039'; Using compiler version '192528614'; Build Type 'Release'
OS: 'Windows 10  (10.0.19044) 64bit Professional' Language: 'en' Physical Memory: 32693 MB
BatchMode: 1, IsHumanControllingUs: 0, StartBugReporterOnCrash: 0, Is64bit: 1, IsPro: 0

COMMAND LINE ARGUMENTS:
C:\Program Files\Unity\Hub\Editor\2020.3.31f1\Editor\Unity.exe
-adb2
-batchMode
-noUpm
-name
AssetImportWorker0
-projectPath
E:/Repos/Argon Assault/GDTV - Argon Assault
-logFile
Logs/AssetImportWorker0.log
-srvPort
59826
Successfully changed project path to: E:/Repos/Argon Assault/GDTV - Argon Assault
E:/Repos/Argon Assault/GDTV - Argon Assault
Using Asset Import Pipeline V2.
Refreshing native plugins compatible for Editor in 33.24 ms, found 2 plugins.
Preloading 0 native plugins for Editor in 0.00 ms.
Initialize engine version: 2020.3.31f1 (6b54b7616050)
[Subsystems] Discovering subsystems at path C:/Program Files/Unity/Hub/Editor/2020.3.31f1/Editor/Data/Resources/UnitySubsystems
[Subsystems] Discovering subsystems at path E:/Repos/Argon Assault/GDTV - Argon Assault/Assets
GfxDevice: creating device client; threaded=0
Direct3D:
    Version:  Direct3D 11.0 [level 11.1]
    Renderer: Radeon RX 580 Series (ID=0x67df)
    Vendor:   
    VRAM:     8170 MB
    Driver:   30.0.15002.1004
Initialize mono
Mono path[0] = 'C:/Program Files/Unity/Hub/Editor/2020.3.31f1/Editor/Data/Managed'
Mono path[1] = 'C:/Program Files/Unity/Hub/Editor/2020.3.31f1/Editor/Data/MonoBleedingEdge/lib/mono/unityjit'
Mono config path = 'C:/Program Files/Unity/Hub/Editor/2020.3.31f1/Editor/Data/MonoBleedingEdge/etc'
Using monoOptions --debugger-agent=transport=dt_socket,embedding=1,server=y,suspend=n,address=127.0.0.1:56800
Begin MonoManager ReloadAssembly
Registering precompiled unity dll's ...
Register platform support module: C:/Program Files/Unity/Hub/Editor/2020.3.31f1/Editor/Data/PlaybackEngines/WindowsStandaloneSupport/UnityEditor.WindowsStandalone.Extensions.dll
Registered in 0.001680 seconds.
Native extension for WindowsStandalone target not found
Refreshing native plugins compatible for Editor in 33.71 ms, found 2 plugins.
Preloading 0 native plugins for Editor in 0.00 ms.
Mono: successfully reloaded assembly
- Completed reload, in  0.471 seconds
Domain Reload Profiling:
	ReloadAssembly (471ms)
		BeginReloadAssembly (52ms)
			ExecutionOrderSort (0ms)
			DisableScriptedObjects (0ms)
			BackupInstance (0ms)
			ReleaseScriptingObjects (0ms)
			CreateAndSetChildDomain (1ms)
		EndReloadAssembly (358ms)
			LoadAssemblies (50ms)
			RebuildTransferFunctionScriptingTraits (0ms)
			SetupTypeCache (121ms)
			ReleaseScriptCaches (0ms)
			RebuildScriptCaches (25ms)
			SetupLoadedEditorAssemblies (135ms)
				LogAssemblyErrors (0ms)
				InitializePlatformSupportModulesInManaged (4ms)
				SetLoadedEditorAssemblies (0ms)
				RefreshPlugins (34ms)
				BeforeProcessingInitializeOnLoad (7ms)
				ProcessInitializeOnLoadAttributes (68ms)
				ProcessInitializeOnLoadMethodAttributes (23ms)
				AfterProcessingInitializeOnLoad (0ms)
				EditorAssembliesLoaded (0ms)
			ExecutionOrderSort2 (0ms)
			AwakeInstancesAfterBackupRestoration (0ms)
Platform modules already initialized, skipping
Registering precompiled user dll's ...
Registered in 0.001525 seconds.
Begin MonoManager ReloadAssembly
Native extension for WindowsStandalone target not found
Refreshing native plugins compatible for Editor in 33.78 ms, found 2 plugins.
Preloading 0 native plugins for Editor in 0.00 ms.
Mono: successfully reloaded assembly
- Completed reload, in  1.033 seconds
Domain Reload Profiling:
	ReloadAssembly (1034ms)
		BeginReloadAssembly (125ms)
			ExecutionOrderSort (0ms)
			DisableScriptedObjects (4ms)
			BackupInstance (0ms)
			ReleaseScriptingObjects (0ms)
			CreateAndSetChildDomain (16ms)
		EndReloadAssembly (857ms)
			LoadAssemblies (72ms)
			RebuildTransferFunctionScriptingTraits (0ms)
			SetupTypeCache (212ms)
			ReleaseScriptCaches (0ms)
			RebuildScriptCaches (38ms)
			SetupLoadedEditorAssemblies (450ms)
				LogAssemblyErrors (0ms)
				InitializePlatformSupportModulesInManaged (3ms)
				SetLoadedEditorAssemblies (0ms)
				RefreshPlugins (34ms)
				BeforeProcessingInitializeOnLoad (45ms)
				ProcessInitializeOnLoadAttributes (355ms)
				ProcessInitializeOnLoadMethodAttributes (7ms)
				AfterProcessingInitializeOnLoad (5ms)
				EditorAssembliesLoaded (0ms)
			ExecutionOrderSort2 (0ms)
			AwakeInstancesAfterBackupRestoration (5ms)
Platform modules already initialized, skipping
========================================================================
Worker process is ready to serve import requests
Launched and connected shader compiler UnityShaderCompiler.exe after 0.04 seconds
Refreshing native plugins compatible for Editor in 0.40 ms, found 2 plugins.
Preloading 0 native plugins for Editor in 0.00 ms.
Unloading 1715 Unused Serialized files (Serialized files now loaded: 0)
System memory in use before: 96.6 MB.
System memory in use after: 96.6 MB.

Unloading 28 unused Assets to reduce memory usage. Loaded Objects now: 2181.
Total: 2.735400 ms (FindLiveObjects: 0.138800 ms CreateObjectMapping: 0.038900 ms MarkObjects: 2.394400 ms  DeleteObjects: 0.162900 ms)

AssetImportParameters requested are different than current active one (requested -> active):
  custom:framework-win-MediaFoundation: 216162199b28c13a410421893ffa2e32 -> 
  custom:video-decoder-ogg-theora: a1e56fd34408186e4bbccfd4996cb3dc -> 
  custom:container-muxer-webm: aa71ff27fc2769a1b78a27578f13a17b -> 
  custom:container-demuxer-webm: 4f35f7cbe854078d1ac9338744f61a02 -> 
  custom:container-demuxer-ogg: 62fdf1f143b41e24485cea50d1cbac27 -> 
  custom:video-encoder-webm-vp8: eb34c28f22e8b96e1ab97ce403110664 -> 
  custom:video-decoder-webm-vp8: 9c59270c3fd7afecdb556c50c9e8de78 -> 
  custom:audio-decoder-ogg-vorbis: bf7c407c2cedff20999df2af8eb42d56 -> 
  custom:audio-encoder-webm-vorbis: bf7c407c2cedff20999df2af8eb42d56 -> 
========================================================================
Received Import Request.
  path: Assets/StarSparrow/Prefabs/Examples/StarSparrow2.prefab
  artifactKey: Guid(dae7a3955bbf76e409d09988296acacb) Importer(815301076,1909f56bfc062723c751e8b465ee728b)
Start importing Assets/StarSparrow/Prefabs/Examples/StarSparrow2.prefab using Guid(dae7a3955bbf76e409d09988296acacb) Importer(815301076,1909f56bfc062723c751e8b465ee728b)  -> (artifact id: '40df738911f416fa28d9507bfce886f9') in 0.288210 seconds 
========================================================================
Received Import Request.
  Time since last request: 0.000147 seconds.
  path: Assets/StarSparrow/Prefabs/Examples/StarSparrow10.prefab
  artifactKey: Guid(fb80d574ec67a7c4e8ef1a14a65990f6) Importer(815301076,1909f56bfc062723c751e8b465ee728b)
Start importing Assets/StarSparrow/Prefabs/Examples/StarSparrow10.prefab using Guid(fb80d574ec67a7c4e8ef1a14a65990f6) Importer(815301076,1909f56bfc062723c751e8b465ee728b)  -> (artifact id: '1a57dda617d39cd20f9cf645c1e16df1') in 0.031061 seconds 
========================================================================
Received Import Request.
  Time since last request: 0.000143 seconds.
  path: Assets/StarSparrow/Prefabs/Examples/StarSparrow11.prefab
  artifactKey: Guid(5a073d16030e9bb4ab4bab71c3124066) Importer(815301076,1909f56bfc062723c751e8b465ee728b)
Start importing Assets/StarSparrow/Prefabs/Examples/StarSparrow11.prefab using Guid(5a073d16030e9bb4ab4bab71c3124066) Importer(815301076,1909f56bfc062723c751e8b465ee728b)  -> (artifact id: '448da1585df86f48ad8909c123601e84') in 0.018069 seconds 
========================================================================
Received Import Request.
  Time since last request: 0.000146 seconds.
  path: Assets/StarSparrow/Prefabs/Examples/StarSparrow1.prefab
  artifactKey: Guid(f805c7b2f982faf43833878e4f22ae2a) Importer(815301076,1909f56bfc062723c751e8b465ee728b)
Start importing Assets/StarSparrow/Prefabs/Examples/StarSparrow1.prefab using Guid(f805c7b2f982faf43833878e4f22ae2a) Importer(815301076,1909f56bfc062723c751e8b465ee728b)  -> (artifact id: '5ffe288e562075c5ad27aa5ed609b31f') in 0.021098 seconds 
========================================================================
Received Import Request.
  Time since last request: 0.000150 seconds.
  path: Assets/StarSparrow/Prefabs/Examples/StarSparrow13.prefab
  artifactKey: Guid(6647bc14b7f253f4aa7ed042ccbd8304) Importer(815301076,1909f56bfc062723c751e8b465ee728b)
Start importing Assets/StarSparrow/Prefabs/Examples/StarSparrow13.prefab using Guid(6647bc14b7f253f4aa7ed042ccbd8304) Importer(815301076,1909f56bfc062723c751e8b465ee728b)  -> (artifact id: '2089a6725287929ef73e2c558a64a264') in 0.016735 seconds 
========================================================================
Received Import Request.
  Time since last request: 0.000140 seconds.
  path: Assets/StarSparrow/Prefabs/Examples/StarSparrow16.prefab
  artifactKey: Guid(09980a6c8942f3141bbe411fa8a59755) Importer(815301076,1909f56bfc062723c751e8b465ee728b)
Start importing Assets/StarSparrow/Prefabs/Examples/StarSparrow16.prefab using Guid(09980a6c8942f3141bbe411fa8a59755) Importer(815301076,1909f56bfc062723c751e8b465ee728b)  -> (artifact id: '96116d0335707eb855b7fcdb4e390ae1') in 0.016121 seconds 
========================================================================
Received Import Request.
  Time since last request: 0.000156 seconds.
  path: Assets/StarSparrow/Prefabs/Examples/StarSparrow15.prefab
  artifactKey: Guid(7ea0027aa6205b044b76dc341d565c7f) Importer(815301076,1909f56bfc062723c751e8b465ee728b)
Start importing Assets/StarSparrow/Prefabs/Examples/StarSparrow15.prefab using Guid(7ea0027aa6205b044b76dc341d565c7f) Importer(815301076,1909f56bfc062723c751e8b465ee728b)  -> (artifact id: '202d9328e1a8ca3fce59c684d35dae0b') in 0.016807 seconds 
========================================================================
Received Import Request.
  Time since last request: 0.000135 seconds.
  path: Assets/StarSparrow/Prefabs/Examples/StarSparrow4.prefab
  artifactKey: Guid(206dc24d514cdd146a07be8e731a56e9) Importer(815301076,1909f56bfc062723c751e8b465ee728b)
Start importing Assets/StarSparrow/Prefabs/Examples/StarSparrow4.prefab using Guid(206dc24d514cdd146a07be8e731a56e9) Importer(815301076,1909f56bfc062723c751e8b465ee728b)  -> (artifact id: '657dde1489aa4d5bcb6be70344305ce7') in 0.016946 seconds 
========================================================================
Received Import Request.
  Time since last request: 0.000140 seconds.
  path: Assets/StarSparrow/Prefabs/Examples/StarSparrow14.prefab
  artifactKey: Guid(5706df97cdf27ba49a0f927eb658626d) Importer(815301076,1909f56bfc062723c751e8b465ee728b)
Start importing Assets/StarSparrow/Prefabs/Examples/StarSparrow14.prefab using Guid(5706df97cdf27ba49a0f927eb658626d) Importer(815301076,1909f56bfc062723c751e8b465ee728b)  -> (artifact id: '3230b684334aec841c4f3f39ae0b716b') in 0.016974 seconds 
========================================================================
Received Import Request.
  Time since last request: 0.000129 seconds.
  path: Assets/StarSparrow/Prefabs/Examples/StarSparrow19.prefab
  artifactKey: Guid(ba40a60074a505d48b216ebc896c5ca0) Importer(815301076,1909f56bfc062723c751e8b465ee728b)
Start importing Assets/StarSparrow/Prefabs/Examples/StarSparrow19.prefab using Guid(ba40a60074a505d48b216ebc896c5ca0) Importer(815301076,1909f56bfc062723c751e8b465ee728b)  -> (artifact id: 'af5fcedbf5413d74c0cd710319d1e47c') in 0.016565 seconds 
========================================================================
Received Import Request.
  Time since last request: 0.000162 seconds.
  path: Assets/StarSparrow/Prefabs/Examples/StarSparrow18.prefab
  artifactKey: Guid(fee8124d0a18d2e44b5b8f766d913b80) Importer(815301076,1909f56bfc062723c751e8b465ee728b)
Start importing Assets/StarSparrow/Prefabs/Examples/StarSparrow18.prefab using Guid(fee8124d0a18d2e44b5b8f766d913b80) Importer(815301076,1909f56bfc062723c751e8b465ee728b)  -> (artifact id: 'c4659688142c7ee5a17bfc49b0659edb') in 0.016836 seconds 
========================================================================
Received Import Request.
  Time since last request: 0.000139 seconds.
  path: Assets/StarSparrow/Prefabs/Examples/StarSparrow8.prefab
  artifactKey: Guid(12e2965e034095b40b035c26bdecd5ed) Importer(815301076,1909f56bfc062723c751e8b465ee728b)
Start importing Assets/StarSparrow/Prefabs/Examples/StarSparrow8.prefab using Guid(12e2965e034095b40b035c26bdecd5ed) Importer(815301076,1909f56bfc062723c751e8b465ee728b)  -> (artifact id: '1ac6ec7101b7bb9f944e0a7b5d21ca61') in 0.016875 seconds 
========================================================================
Received Import Request.
  Time since last request: 0.000291 seconds.
  path: Assets/StarSparrow/Prefabs/Examples/StarSparrow3.prefab
  artifactKey: Guid(e261f7b66a8f0fd4492d87df1eee4222) Importer(815301076,1909f56bfc062723c751e8b465ee728b)
Start importing Assets/StarSparrow/Prefabs/Examples/StarSparrow3.prefab using Guid(e261f7b66a8f0fd4492d87df1eee4222) Importer(815301076,1909f56bfc062723c751e8b465ee728b)  -> (artifact id: '3af54f40fdb2b45244030723eceb16b1') in 0.017054 seconds 
========================================================================
Received Import Request.
  Time since last request: 0.000159 seconds.
  path: Assets/StarSparrow/Prefabs/Examples/StarSparrow20.prefab
  artifactKey: Guid(feb130a8adcebe54aa314f58f408c412) Importer(815301076,1909f56bfc062723c751e8b465ee728b)
Start importing Assets/StarSparrow/Prefabs/Examples/StarSparrow20.prefab using Guid(feb130a8adcebe54aa314f58f408c412) Importer(815301076,1909f56bfc062723c751e8b465ee728b)  -> (artifact id: '3b291cbd4c4aaac093f215b0e1a4e9e0') in 0.017590 seconds 
========================================================================
Received Import Request.
  Time since last request: 0.000139 seconds.
  path: Assets/StarSparrow/Prefabs/Examples/StarSparrow17.prefab
  artifactKey: Guid(972b4b7d4d0542c4faf5702b3f9f3e27) Importer(815301076,1909f56bfc062723c751e8b465ee728b)
Start importing Assets/StarSparrow/Prefabs/Examples/StarSparrow17.prefab using Guid(972b4b7d4d0542c4faf5702b3f9f3e27) Importer(815301076,1909f56bfc062723c751e8b465ee728b)  -> (artifact id: 'fd2f4fed4e9450f6f0f9f1270f405a5e') in 0.016573 seconds 
========================================================================
Received Import Request.
  Time since last request: 0.000148 seconds.
  path: Assets/StarSparrow/Prefabs/Examples/StarSparrow5.prefab
  artifactKey: Guid(4d54efa43b03b1845b929768cf25e790) Importer(815301076,1909f56bfc062723c751e8b465ee728b)
Start importing Assets/StarSparrow/Prefabs/Examples/StarSparrow5.prefab using Guid(4d54efa43b03b1845b929768cf25e790) Importer(815301076,1909f56bfc062723c751e8b465ee728b)  -> (artifact id: 'e75924866ec69f60349d7f494912b43d') in 0.016571 seconds 
========================================================================
Received Import Request.
  Time since last request: 0.000130 seconds.
  path: Assets/StarSparrow/Prefabs/Examples/StarSparrow12.prefab
  artifactKey: Guid(79e4c0d1647edb24e82e40e6b4bcaa7b) Importer(815301076,1909f56bfc062723c751e8b465ee728b)
Start importing Assets/StarSparrow/Prefabs/Examples/StarSparrow12.prefab using Guid(79e4c0d1647edb24e82e40e6b4bcaa7b) Importer(815301076,1909f56bfc062723c751e8b465ee728b)  -> (artifact id: 'e00a9ea7d7d764f86d2e13ca196169ef') in 0.017567 seconds 
========================================================================
Received Import Request.
  Time since last request: 0.000132 seconds.
  path: Assets/StarSparrow/Prefabs/Examples/StarSparrow9.prefab
  artifactKey: Guid(7861019a7b8cb6f4db5310695263b29a) Importer(815301076,1909f56bfc062723c751e8b465ee728b)
Start importing Assets/StarSparrow/Prefabs/Examples/StarSparrow9.prefab using Guid(7861019a7b8cb6f4db5310695263b29a) Importer(815301076,1909f56bfc062723c751e8b465ee728b)  -> (artifact id: '43a8c95abb5f14ef98d919e012d674b0') in 0.017455 seconds 
========================================================================
Received Import Request.
  Time since last request: 0.000117 seconds.
  path: Assets/StarSparrow/Prefabs/Examples/StarSparrow6.prefab
  artifactKey: Guid(33942a27e06a55e498652847d7d15f99) Importer(815301076,1909f56bfc062723c751e8b465ee728b)
Start importing Assets/StarSparrow/Prefabs/Examples/StarSparrow6.prefab using Guid(33942a27e06a55e498652847d7d15f99) Importer(815301076,1909f56bfc062723c751e8b465ee728b)  -> (artifact id: '61c65ce42e1338ec23439e1a4632a5d8') in 0.017463 seconds 
========================================================================
Received Import Request.
  Time since last request: 0.000130 seconds.
  path: Assets/StarSparrow/Prefabs/Examples/StarSparrow7.prefab
  artifactKey: Guid(c79905ec17c169a49b75177b6cf0d524) Importer(815301076,1909f56bfc062723c751e8b465ee728b)
Start importing Assets/StarSparrow/Prefabs/Examples/StarSparrow7.prefab using Guid(c79905ec17c169a49b75177b6cf0d524) Importer(815301076,1909f56bfc062723c751e8b465ee728b)  -> (artifact id: 'dea2517aca63f37bce17a6930ef30ccc') in 0.017441 seconds 
========================================================================
Received Prepare
Registering precompiled user dll's ...
Registered in 0.001494 seconds.
Begin MonoManager ReloadAssembly
Native extension for WindowsStandalone target not found
Refreshing native plugins compatible for Editor in 0.41 ms, found 2 plugins.
Preloading 0 native plugins for Editor in 0.00 ms.
Mono: successfully reloaded assembly
- Completed reload, in  0.926 seconds
Domain Reload Profiling:
	ReloadAssembly (927ms)
		BeginReloadAssembly (95ms)
			ExecutionOrderSort (0ms)
			DisableScriptedObjects (3ms)
			BackupInstance (0ms)
			ReleaseScriptingObjects (0ms)
			CreateAndSetChildDomain (29ms)
		EndReloadAssembly (780ms)
			LoadAssemblies (71ms)
			RebuildTransferFunctionScriptingTraits (0ms)
			SetupTypeCache (209ms)
			ReleaseScriptCaches (1ms)
			RebuildScriptCaches (33ms)
			SetupLoadedEditorAssemblies (397ms)
				LogAssemblyErrors (0ms)
				InitializePlatformSupportModulesInManaged (3ms)
				SetLoadedEditorAssemblies (0ms)
				RefreshPlugins (0ms)
				BeforeProcessingInitializeOnLoad (41ms)
				ProcessInitializeOnLoadAttributes (339ms)
				ProcessInitializeOnLoadMethodAttributes (7ms)
				AfterProcessingInitializeOnLoad (5ms)
				EditorAssembliesLoaded (0ms)
			ExecutionOrderSort2 (0ms)
			AwakeInstancesAfterBackupRestoration (5ms)
Platform modules already initialized, skipping
Refreshing native plugins compatible for Editor in 0.44 ms, found 2 plugins.
Preloading 0 native plugins for Editor in 0.00 ms.
Unloading 1671 Unused Serialized files (Serialized files now loaded: 0)
System memory in use before: 96.0 MB.
System memory in use after: 96.0 MB.

Unloading 13 unused Assets to reduce memory usage. Loaded Objects now: 2191.
Total: 2.648900 ms (FindLiveObjects: 0.129600 ms CreateObjectMapping: 0.038600 ms MarkObjects: 2.344300 ms  DeleteObjects: 0.135600 ms)

AssetImportParameters requested are different than current active one (requested -> active):
  custom:framework-win-MediaFoundation: 216162199b28c13a410421893ffa2e32 -> 
  custom:video-decoder-ogg-theora: a1e56fd34408186e4bbccfd4996cb3dc -> 
  custom:container-muxer-webm: aa71ff27fc2769a1b78a27578f13a17b -> 
  custom:container-demuxer-webm: 4f35f7cbe854078d1ac9338744f61a02 -> 
  custom:container-demuxer-ogg: 62fdf1f143b41e24485cea50d1cbac27 -> 
  custom:video-encoder-webm-vp8: eb34c28f22e8b96e1ab97ce403110664 -> 
  custom:video-decoder-webm-vp8: 9c59270c3fd7afecdb556c50c9e8de78 -> 
  custom:audio-decoder-ogg-vorbis: bf7c407c2cedff20999df2af8eb42d56 -> 
  custom:audio-encoder-webm-vorbis: bf7c407c2cedff20999df2af8eb42d56 -> 
========================================================================
Received Import Request.
  Time since last request: 240.480589 seconds.
  path: Assets/StarSparrow/Prefabs/Player Rig.prefab
  artifactKey: Guid(52a175cb32a712c48aa7f406be181de9) Importer(815301076,1909f56bfc062723c751e8b465ee728b)
Start importing Assets/StarSparrow/Prefabs/Player Rig.prefab using Guid(52a175cb32a712c48aa7f406be181de9) Importer(815301076,1909f56bfc062723c751e8b465ee728b)  -> (artifact id: 'c81cf2ae2e801bf3b83e9a477f2f765e') in 0.052972 seconds 
========================================================================
Received Import Request.
  Time since last request: 5.759556 seconds.
  path: Assets/StarSparrow/Prefabs/Modules
  artifactKey: Guid(abdeca0641625854db9264d6a9fe2324) Importer(815301076,1909f56bfc062723c751e8b465ee728b)
Start importing Assets/StarSparrow/Prefabs/Modules using Guid(abdeca0641625854db9264d6a9fe2324) Importer(815301076,1909f56bfc062723c751e8b465ee728b)  -> (artifact id: 'ffe7375ac719bb1e093449054e29517d') in 0.005775 seconds 
========================================================================
Received Import Request.
  Time since last request: 0.096550 seconds.
  path: Assets/StarSparrow/Prefabs/Modules/StarSparrow_Core.prefab
  artifactKey: Guid(328366602c7f9ae4aa29ecb957c7731d) Importer(815301076,1909f56bfc062723c751e8b465ee728b)
Start importing Assets/StarSparrow/Prefabs/Modules/StarSparrow_Core.prefab using Guid(328366602c7f9ae4aa29ecb957c7731d) Importer(815301076,1909f56bfc062723c751e8b465ee728b)  -> (artifact id: '9948d32da38eb9cc43d6010bbeb3097d') in 0.018264 seconds 
========================================================================
Received Import Request.
  Time since last request: 0.000168 seconds.
  path: Assets/StarSparrow/Prefabs/Modules/StarSparrow_Wing_1_Mirrored.prefab
  artifactKey: Guid(c6b3f5b24fac195409550702e5daa40f) Importer(815301076,1909f56bfc062723c751e8b465ee728b)
Start importing Assets/StarSparrow/Prefabs/Modules/StarSparrow_Wing_1_Mirrored.prefab using Guid(c6b3f5b24fac195409550702e5daa40f) Importer(815301076,1909f56bfc062723c751e8b465ee728b)  -> (artifact id: '34e8fc0647857098ba3cb91ceddf1c19') in 0.028814 seconds 
========================================================================
Received Import Request.
  Time since last request: 0.000129 seconds.
  path: Assets/StarSparrow/Prefabs/Modules/StarSparrow_Wing_3.prefab
  artifactKey: Guid(53643d8f33e9df94ba733d00e1c6d10c) Importer(815301076,1909f56bfc062723c751e8b465ee728b)
Start importing Assets/StarSparrow/Prefabs/Modules/StarSparrow_Wing_3.prefab using Guid(53643d8f33e9df94ba733d00e1c6d10c) Importer(815301076,1909f56bfc062723c751e8b465ee728b)  -> (artifact id: '2f02f76591eea9950f52333f03e10cc8') in 0.021099 seconds 
========================================================================
Received Import Request.
  Time since last request: 0.000114 seconds.
  path: Assets/StarSparrow/Prefabs/Modules/StarSparrow_Plasma.prefab
  artifactKey: Guid(157f084336ed05c45947433542a2eba2) Importer(815301076,1909f56bfc062723c751e8b465ee728b)
Start importing Assets/StarSparrow/Prefabs/Modules/StarSparrow_Plasma.prefab using Guid(157f084336ed05c45947433542a2eba2) Importer(815301076,1909f56bfc062723c751e8b465ee728b)  -> (artifact id: 'ab688905d51a60683df588042c467907') in 0.015695 seconds 
========================================================================
Received Import Request.
  Time since last request: 0.000108 seconds.
  path: Assets/StarSparrow/Prefabs/Modules/StarSparrow_Weapon.prefab
  artifactKey: Guid(1f78031b7183f2a4498c4cfc761ca60c) Importer(815301076,1909f56bfc062723c751e8b465ee728b)
Start importing Assets/StarSparrow/Prefabs/Modules/StarSparrow_Weapon.prefab using Guid(1f78031b7183f2a4498c4cfc761ca60c) Importer(815301076,1909f56bfc062723c751e8b465ee728b)  -> (artifact id: '48e33682af5b7a45f144875ca294d941') in 0.015781 seconds 
========================================================================
Received Import Request.
  Time since last request: 0.000106 seconds.
  path: Assets/StarSparrow/Prefabs/Modules/StarSparrow_Wing_2.prefab
  artifactKey: Guid(dde490f5ea9b7d94d9594ec8d6435f29) Importer(815301076,1909f56bfc062723c751e8b465ee728b)
Start importing Assets/StarSparrow/Prefabs/Modules/StarSparrow_Wing_2.prefab using Guid(dde490f5ea9b7d94d9594ec8d6435f29) Importer(815301076,1909f56bfc062723c751e8b465ee728b)  -> (artifact id: 'f60d0ff1de805b1bf16e990122915d63') in 0.015891 seconds 
========================================================================
Received Import Request.
  Time since last request: 0.000153 seconds.
  path: Assets/StarSparrow/Prefabs/Modules/StarSparrow_Weapon_Mirrored.prefab
  artifactKey: Guid(f5a635a64e8270a40aa07137c6d1f162) Importer(815301076,1909f56bfc062723c751e8b465ee728b)
Start importing Assets/StarSparrow/Prefabs/Modules/StarSparrow_Weapon_Mirrored.prefab using Guid(f5a635a64e8270a40aa07137c6d1f162) Importer(815301076,1909f56bfc062723c751e8b465ee728b)  -> (artifact id: '36d9555fa2ee4af46377cf40f93f64c4') in 0.015326 seconds 
========================================================================
Received Import Request.
  Time since last request: 0.000111 seconds.
  path: Assets/StarSparrow/Prefabs/Modules/StarSparrow_Wing_1.prefab
  artifactKey: Guid(b30ca3097cfd8de47aa1ba38578e0c30) Importer(815301076,1909f56bfc062723c751e8b465ee728b)
Start importing Assets/StarSparrow/Prefabs/Modules/StarSparrow_Wing_1.prefab using Guid(b30ca3097cfd8de47aa1ba38578e0c30) Importer(815301076,1909f56bfc062723c751e8b465ee728b)  -> (artifact id: '768e418f400bf40d322d0ec603d44aa1') in 0.015872 seconds 
========================================================================
Received Import Request.
  Time since last request: 0.000110 seconds.
  path: Assets/StarSparrow/Prefabs/Modules/StarSparrow_Wing_2_Mirrored.prefab
  artifactKey: Guid(68009645f1254634c872da28df04bab8) Importer(815301076,1909f56bfc062723c751e8b465ee728b)
Start importing Assets/StarSparrow/Prefabs/Modules/StarSparrow_Wing_2_Mirrored.prefab using Guid(68009645f1254634c872da28df04bab8) Importer(815301076,1909f56bfc062723c751e8b465ee728b)  -> (artifact id: 'e96ce3fb607cd5fcae61a9543e5956e9') in 0.015734 seconds 
========================================================================
Received Import Request.
  Time since last request: 0.000141 seconds.
  path: Assets/StarSparrow/Prefabs/Modules/StarSparrow_Engine.prefab
  artifactKey: Guid(01b4c9caff0ad4d48ac8cb23e89e5224) Importer(815301076,1909f56bfc062723c751e8b465ee728b)
Start importing Assets/StarSparrow/Prefabs/Modules/StarSparrow_Engine.prefab using Guid(01b4c9caff0ad4d48ac8cb23e89e5224) Importer(815301076,1909f56bfc062723c751e8b465ee728b)  -> (artifact id: '42f3b8f1c57fab6d1078bef1752a6069') in 0.015757 seconds 
========================================================================
Received Import Request.
  Time since last request: 0.000189 seconds.
  path: Assets/StarSparrow/Prefabs/Modules/StarSparrow_Thruster.prefab
  artifactKey: Guid(2d009ca22ab0fc141ade283e835e506a) Importer(815301076,1909f56bfc062723c751e8b465ee728b)
Start importing Assets/StarSparrow/Prefabs/Modules/StarSparrow_Thruster.prefab using Guid(2d009ca22ab0fc141ade283e835e506a) Importer(815301076,1909f56bfc062723c751e8b465ee728b)  -> (artifact id: 'ae13396158235766159e6ac7e70b487d') in 0.016645 seconds 
========================================================================
Received Import Request.
  Time since last request: 2.750316 seconds.
  path: Assets/StarSparrow/Prefabs/BonusContent/Asteroid Lava Blue.prefab
  artifactKey: Guid(f603e71ddc270d54192200e95673e2a6) Importer(815301076,1909f56bfc062723c751e8b465ee728b)
Start importing Assets/StarSparrow/Prefabs/BonusContent/Asteroid Lava Blue.prefab using Guid(f603e71ddc270d54192200e95673e2a6) Importer(815301076,1909f56bfc062723c751e8b465ee728b)  -> (artifact id: 'a1106e583499d808407ff2fda48cf357') in 0.176008 seconds 
========================================================================
Received Import Request.
  Time since last request: 0.000116 seconds.
  path: Assets/StarSparrow/Prefabs/BonusContent/Asteroid Lava Red.prefab
  artifactKey: Guid(45b62242ff99b0a48a47f713cd6d1687) Importer(815301076,1909f56bfc062723c751e8b465ee728b)
Start importing Assets/StarSparrow/Prefabs/BonusContent/Asteroid Lava Red.prefab using Guid(45b62242ff99b0a48a47f713cd6d1687) Importer(815301076,1909f56bfc062723c751e8b465ee728b)  -> (artifact id: 'd298af9afd98a5aff6ecfcfc9e221d98') in 0.029288 seconds 
========================================================================
Received Import Request.
  Time since last request: 0.000158 seconds.
  path: Assets/StarSparrow/Prefabs/BonusContent/Bomb.prefab
  artifactKey: Guid(54958f8430f04ae4ab653a498c64314c) Importer(815301076,1909f56bfc062723c751e8b465ee728b)
Start importing Assets/StarSparrow/Prefabs/BonusContent/Bomb.prefab using Guid(54958f8430f04ae4ab653a498c64314c) Importer(815301076,1909f56bfc062723c751e8b465ee728b)  -> (artifact id: 'c48f09a9bf581db90efccb235d33c303') in 0.012907 seconds 
========================================================================
Received Import Request.
  Time since last request: 0.000107 seconds.
  path: Assets/StarSparrow/Prefabs/BonusContent/Flying Insect.prefab
  artifactKey: Guid(6807a4fbab15c3444aa44ff82bcbe872) Importer(815301076,1909f56bfc062723c751e8b465ee728b)
Start importing Assets/StarSparrow/Prefabs/BonusContent/Flying Insect.prefab using Guid(6807a4fbab15c3444aa44ff82bcbe872) Importer(815301076,1909f56bfc062723c751e8b465ee728b)  -> (artifact id: 'a767a0a73ae6f27712f5e22aa8c4874f') in 0.097437 seconds 
========================================================================
Received Import Request.
  Time since last request: 0.000097 seconds.
  path: Assets/StarSparrow/Prefabs/BonusContent/Mine Sample 1.prefab
  artifactKey: Guid(5f7d5f60379571b4ab916f85aae80a71) Importer(815301076,1909f56bfc062723c751e8b465ee728b)
Start importing Assets/StarSparrow/Prefabs/BonusContent/Mine Sample 1.prefab using Guid(5f7d5f60379571b4ab916f85aae80a71) Importer(815301076,1909f56bfc062723c751e8b465ee728b)  -> (artifact id: '83a36edd95bd45c28f8b09b3c2b2f7bb') in 0.029685 seconds 
========================================================================
Received Import Request.
  Time since last request: 0.000125 seconds.
  path: Assets/StarSparrow/Prefabs/BonusContent/Mine Sample 2.prefab
  artifactKey: Guid(fa8aadfb07ca2034188c69c6f2ab4624) Importer(815301076,1909f56bfc062723c751e8b465ee728b)
Start importing Assets/StarSparrow/Prefabs/BonusContent/Mine Sample 2.prefab using Guid(fa8aadfb07ca2034188c69c6f2ab4624) Importer(815301076,1909f56bfc062723c751e8b465ee728b)  -> (artifact id: 'f64590e69cd36e1881996deb39a402e9') in 0.021153 seconds 
========================================================================
Received Import Request.
  Time since last request: 0.000133 seconds.
  path: Assets/StarSparrow/Prefabs/BonusContent/Missile.prefab
  artifactKey: Guid(8b227e0429c621940acb9e2e8d18d12f) Importer(815301076,1909f56bfc062723c751e8b465ee728b)
Start importing Assets/StarSparrow/Prefabs/BonusContent/Missile.prefab using Guid(8b227e0429c621940acb9e2e8d18d12f) Importer(815301076,1909f56bfc062723c751e8b465ee728b)  -> (artifact id: '323b440280f8a7bf0fea43c27b95d0f7') in 0.010689 seconds 
========================================================================
Received Import Request.
  Time since last request: 0.000139 seconds.
  path: Assets/StarSparrow/Prefabs/BonusContent/Tinniuq Planet.prefab
  artifactKey: Guid(8c22678d7aa562145804b6f0af7e603a) Importer(815301076,1909f56bfc062723c751e8b465ee728b)
Start importing Assets/StarSparrow/Prefabs/BonusContent/Tinniuq Planet.prefab using Guid(8c22678d7aa562145804b6f0af7e603a) Importer(815301076,1909f56bfc062723c751e8b465ee728b)  -> (artifact id: 'c3ef0e14d51be01ac28729e450080cee') in 0.198594 seconds 
AssetImportWorkerClient::OnTransportError - code=2 error=End of file
